<?xml version="1.0" encoding="UTF-8"?>
<testsuite xmlns:xsi="http://www.w3.org/2001/XMLSchema-instance" xsi:noNamespaceSchemaLocation="https://maven.apache.org/surefire/maven-surefire-plugin/xsd/surefire-test-report.xsd" name="FileCompressionTest" time="1.774" tests="18" errors="0" skipped="0" failures="0">
  <properties>
[...]
</properties>
  <testcase name="normalTestCaseHuff" classname="FileCompressionTest" time="0.028"/>
  <testcase name="fileContainsManyCharsHuff" classname="FileCompressionTest" time="0.255"/>
  <testcase name="normalTestCaseLZW" classname="FileCompressionTest" time="0"/>
  <testcase name="dynamicTestLZW" classname="FileCompressionTest" time="0"/>
  <testcase name="compFileDoesExistLZW" classname="FileCompressionTest" time="0"/>
  <testcase name="compFileDoesExistHuff" classname="FileCompressionTest" time="0.054"/>
  <testcase name="fileIsDirectoryLZW" classname="FileCompressionTest" time="0.003"/>
  <testcase name="dynamicTestHuff" classname="FileCompressionTest" time="0.69"/>
  <testcase name="fileDoesNotExistLZW" classname="FileCompressionTest" time="0.006"/>
  <testcase name="userPassesInWrongNumArgumentsHuff" classname="FileCompressionTest" time="0.003"/>
  <testcase name="fileContainsManyCharsAndMoreHuff" classname="FileCompressionTest" time="0.661"/>
  <testcase name="fileIsDirectoryHuff" classname="FileCompressionTest" time="0.019"/>
  <testcase name="fileContainsManyCharsLZW" classname="FileCompressionTest" time="0"/>
  <testcase name="fileContainsManyCharsAndMoreLZW" classname="FileCompressionTest" time="0"/>
  <testcase name="fileDoesNotExistHuff" classname="FileCompressionTest" time="0.005"/>
  <testcase name="userPassesInWrongNumArgumentsLZW" classname="FileCompressionTest" time="0.001"/>
  <testcase name="fileIsEmptyLZW" classname="FileCompressionTest" time="0.006"/>
  <testcase name="fileIsEmptyHuff" classname="FileCompressionTest" time="0.007"/>
</testsuite>